/aligholamee/NN101/
/aligholamee/PyDamn/
/aligholamee/Ranjoor/
/aligholamee/MLAndrewNg/
/aligholamee/Havapakk-Morph/
/aligholamee/Introduction-to-machine-learning-with-python/
/aligholamee/LaravelCrew/
/aligholamee/Socket-Programming-Package/
/aligholamee/Generators/
/aligholamee/arvansplash/
/aligholamee/PHP102/
/aligholamee/PHP101/
/aligholamee/ArdaGuard/
/aligholamee/NodeSQL/
/aligholamee/Mue2/
/aligholamee/N0DAP1/
/aligholamee/free-for-dev/
/aligholamee/Learning/
/aligholamee/S2NOS/
/aligholamee/Mangool/
/aligholamee/TikkyNode/
/aligholamee/JSMemoizer/
/aligholamee/N0deL0g1n/
/aligholamee/JSFundamentals/
/aligholamee/TeleNode/
/aligholamee/NodeFundamentals/
/aligholamee/pi01/
/aligholamee/NativeWarmUp/
/aligholamee/Project-Management-System/
/aligholamee/Light_Sensitive_LED/
/aligholamee/ArdChal/
/aligholamee/Atomicity/
/aligholamee/nRFduino/
/aligholamee/LogNative/
/aligholamee/calcative/
/aligholamee/runnerDuino/
/aligholamee/Chronicle/
/aligholamee/Atmel-ATmega16/
/aligholamee/SpVSpS/
/aligholamee/Synchronyzer/
/aligholamee/Software-Vulnerability/
/aligholamee/Scheduling-Challenge/
/aligholamee/energyawareness/
/aligholamee/Atmel-ATmega32/
/aligholamee/react-native/
/aligholamee/Courses/
/aligholamee/Linux-Workshop/
/aligholamee/CarryFlow/
/aligholamee/AirClock/
/aligholamee/Android-Metasploit-Utilities/
/aligholamee/PIP86/
/aligholamee/nodemcu-firmware/
/aligholamee/reveal.js/
/aligholamee/github-is-blocked-in-iran/
/aligholamee/Java-Performance-Tuning/
/aligholamee/Free-Security-eBooks-from-PacktPub/
/aligholamee/Toofan/
/aligholamee/SeleniumDriver/
/aligholamee/MathBattleSolver/
/aligholamee/LumberDoctor/
/aligholamee/OS-Process-Management/
/aligholamee/Peach-Virtualization/
/aligholamee/CinderOS/
/aligholamee/distortos/
/aligholamee/IP-Histogram-Equalization-Assembly/
/aligholamee/Project-Management-System-with-Laravel-Framework/
/aligholamee/Crawlure/
/aligholamee/PacManWorld-Contest/
/aligholamee/Java-Huffman-Zipper/
/aligholamee/2048-Console-Game/
/aligholamee/Computer-Architecture-Lab-Components/
/aligholamee/AI-Optimization-Problems/
/aligholamee/Note-7-Failure-Causes/
/aligholamee/Mano-Basic-Computer-Design/
/aligholamee/opamp-741-Pspice/
/aligholamee/AVR/