WyldePointer
Techiebooks
majidln
pixels4kids
aliir74
i0
MehdiBahadori
jake100
nfultz
pilevar
mohebifar
hosseinpoor
pi0
Farziin
carl-alberto
SathishGajendran
m-khosravi
TRL199123
ItzLevvie
ChristoPy
aliizadi
jedimahdi
Boyquotes
mxii1994
anewage
FMCalisto
Danial-Alh
ErickMwazonga
Meshkati
diemol
beingdevelop
michaelbazos
davidsolorzano20
EMehralian
tunnes
motakbiri
xianhe92
sghgh1996
poorya-abbasi
aliyazdi75
shivamshekhar
jasmine1997
beyhosni
obernardovieira
Denniskamau
ghaseminya
redwolf-ir
yenereren
derickfelix
oxalorg
ImadSalimi
arsenalup
MichaelMMeskhi
OpenTeleShop
daniel-medina
pboethig
seyfer
arminkz
duboviy
Vermisse
matiasinsaurralde
sirmahyar
talbotseb
mahi97
talithagrace
TheSinding
traveling-desi
ajsalminen
fffaraz
MichalPaszkiewicz
AmirAhmadHabibi
alireza-saberi
geovane7881
donyadideh
qwexvf
chrisburton
jafarlie
Atinux
pesehr
sepandhaghighi
MohamadKh75
pouyatayebi
1995parham
Tabrizian
mmaghajani