OpenTeleShop
ghaseminya
m-khosravi
yenereren
ImadSalimi
FMCalisto
Techiebooks
redwolf-ir
matiasinsaurralde
anewage
i0
TheSinding
xianhe92
EMehralian
ajsalminen
jasmine1997
MehdiBahadori
mahi97
traveling-desi
ItzLevvie
donyadideh
pouyatayebi
pixels4kids
Atinux
mmaghajani
Meshkati
majidln
Danial-Alh
alireza-saberi
pesehr
seyfer
MichaelMMeskhi
pboethig
chrisburton
TRL199123
poorya-abbasi
aliyazdi75
tunnes
motakbiri
beyhosni
ErickMwazonga
carl-alberto
jafarlie
Boyquotes
ChristoPy
jake100
michaelbazos
Vermisse
aliizadi
MichalPaszkiewicz
oxalorg
nfultz
jedimahdi
shivamshekhar
sirmahyar
diemol
talithagrace
obernardovieira
fffaraz
Farziin
AmirAhmadHabibi
SathishGajendran
daniel-medina
mxii1994
derickfelix
arsenalup
arminkz
Denniskamau
duboviy
talbotseb
qwexvf
davidsolorzano20
geovane7881
beingdevelop