zahrajoulaei
hmason
archana-s
notnownikki
lvgilmore
maximecb
Chuabacca
csabatini
kaave
njir
hananana
DarkAce65
Chinney
vankai
xncbf
cyrushu
alireza-abad
MrGuiMan
stelro
Lucky4
1nfinitum
L-xm
birdayz
jakubrozenbajger
asm-jaime
fedorenchik
pomg
feimosi
rasta-rocket
IIerecbet
sooch
beingdevelop
raymicha
epsanchezma
jensimmons
thebabydino
melanierichards
poteto
nirvanadantas
Stitchpunk
Dmitri-Sintsov
kamilhristov
msorce
randrini
changyuheng
OdaDaisuke
blackecho
jmettraux
lucaskolstad
ZeeLivermorium
maotora
p4ch0u
byronmejia
bdfish
Chatatata
LuRsT
samcoy3
asszem
piiih
leetking
iomonad
jackgu1988
boehm-s
mgochoa
Yvem
IlanStefanon
BaconRemovalUnit
xjw0914
yshalenyk
easyguyme
Lauszus
jlrickert
willbiddy
Jacktony
LiDaoChong
riyasmohamedmr
happyqq
skandix
elianasweet
yuripramos
nelenkov
opt9
lainkits
elyzov
aandryashin
Doezer
yassersouri
bagherbal
smmoosavi
HAM1DR37A
smmsadrnezh
farbodgame
maloos
mehrnooshdsht
AminTalebi
MrFesgheli
ehsan-ah-gh
aaghamohammadi
amirfrsd
kamyarinfinity
Pourghannad
pmkary
MoHD20
rafaellavm
erettozi
abhinavvisen
hkedia321
bodhwani
sch00lb0y
mayanksatnalika
rishav92
alireza6677
Nikhil-Kasukurthi
ashwini0529
S-Vignesh
abhinav-adtechs
ujjwal96
archilk
aalind0
rahulakrishna
rishiraj824
shubhamkumar13
UjjwalAyyangar
shubhodeep9
mohnishkat
hmert
cwonrails
halibegic
mahmoudilyan
cardinot
uslmz
semplon
dawidxt
mgwhitfield
V-I-S-H-W-A
eistrati
martoranod
ELDHOSE104
sureshpatel
fly51fly
mikeschinkel
rafajaques
Jerrybecnel
sidineifedrizz
kiwixcompo
rousse101
nealrs
arunsingh
WonderingDane
ahmetozantekin
NicolasCARPi
samuel1254
jarrydfillmore
alihalabyah
jmcabandara
joelparkerhenderson
aykutture
zombieleet
annuai
Kaizerus
mambax7
jakembrown
igorgue
beali
universsky
talipkorkmaz
blasphemium
riazzz
lucrussell
umesh9794
mechatroNick
mhtb32
apobbati
abelmartin
davezen1
BrandonCampbell
johnkeith
giovannif23
vjwilson
UberNick
nilz3ro
bellizio
FrankSansC
djKianoosh
barneydmedia
jeff-swearingen
megiddo1479
gothame
lihao5325
treejames
blueysy
lewesYang
chenxing2
k4s
tiger8888
cpejlgc
kuainiao
hitlolo
youthy
javawlb
pengyuan512
Fang-Li
Xdeon
scenix007
kingpro
zhaoweiguo
ggshily
yourchanges
forthxu
tsingson
alphaqiu
ysnneren
georgicodes
BernardoGO
namebrandon
mjnaderi
andykram
artwr
claus
danhilltech
danielbachhuber
emroot
daveaugustine
felipecsl
ericlevine
envoked
goatslacker
hshoff
hectorgon
ianlogan
kesne
mcharkov
ljharb
mikefowler
petzel
schleyfox
spikebrehm
sco
strcrzy
vilcsak
sebastianseilund
ziliangpeng
mikermcneil
behdad
kevinsystrom
Parsoa
bamos
denizozger
npurushe
inconvergent
keithwhor
willbach
ganorberg
sooeung2
csotiriou
etcinitd
dustinvtran
shjalayeri
alileza
videlalvaro
yoosofan
doorbash
eriknstr
mahdavipanah
nasim92
mhrimaz
MJafarMashhadi
emomeni
jessentow
chinghanho
bendavies
nmousa
samfree324
ckennington
ionmadrazo
MananVyas24
awidiyadew
sunny-g
weimingtom
duhaime
mafeng-Bryant
longlinht
CJ-Jackson
macosunity
brendanmurty
minoriwww
jmanuelmc
bkbncn
marceloboeira
matheusrabelo
henriquefernandez
huzzbuzz
Android-MI
eugestarr
andrealiz
kinm
sergchernata
derekbaker1986
ryanrahman26
alexliyu7352
keyakoto
gustavlrsn
diogomoreira
st1s
TXWSLYF
sadok-f
chengangXia
josephbritt
niwinz
MattMcFarland
UsulPro
sanjay7788
favourjohnson37
sibelius
YannickDot
leowebguy
idkjs
jahyun-dev
bradjonesca
diabolus
lsecrease
leothelocust
igorls
MrClan
ElizabethC1688
F1reseed
shnupta
gaetan-petit
stuf
yupferris
chouti
kristianhasselknippe
Bartekus
ErkanSensei
ceciliamvrie
techmexdev
esalaza
damadormoreno
rahulpareek-room
theplatypus
madhifallah
ahamdi
mahtabfarrokh
jivoi
arijitAD
KrE80r
kikassCode
gabriel-laet
cipix2000
ralston
markfunk
SantoshSrinivas79
princed
mnmly
tunnckoCore
matthewmueller
Qix-
jage
kwcto
tanraya
darwin
Namek
Tean2016
jrheard
nelsonic
NoHomey
klihelp
TobiasFroberg
eventualbuddha
travisjeffery
okkez
soh335
niw
ujihisa
susieyy
2bj
tungd
masonmark
Xalior
l4u
wmeddie
imxiaobo
yamaya
jukart
novi
superstructor
hffmnn
RobertDeRose
shengyou
neersighted
kont-noor
Houdini
yjpark
PhillipTaylor
soarpenguin
gabrield
qiulin
JayWalker512
bhuztez
exynoxx
TuxCoder
soredake
hcpl
sirikid
kiljacken
keidax
ShadowKyogre
civalin
nanki
Hummer12007
Showfom
whour
Sasasu
tarvos21
wozzup
hmachine1999
jm33-m0
laincat
oXnMe
zgc999
angelfreedomv
chenxuhua
seyrenhe
zionfuo
YeXiaoRain
libbliy
mgna17
shanzi
n0th1n9
sjqlwy
abcdabcd987
pixode
silverdragon727
peacewalker
roy2220
blambin
Jerry981028
lbp0200
caocao485
simonsmh
figo2002
DavidAlphaFox
jjose3
sridhargunnam
jlhs
swetland
izmntuk
riaqn
Johndt6
silverfoxy
Kan1shka9
peterbrinck
timlohnes
mohammedhemed33
ahmedskaya
ballou88
scon19
kennethreitz
gustaflindqvist
radiospiel
karlsackett
inem
aziz
mark
h3h
janremes
ch3n
maxfenton
bingdian
amazedkoumei
6hoursdaily
jhjwind
caojunvincent
smalloranges
lookis
bonsaiben
hupili
ChrisFilou
nikai3d
ecandino
kyohei8
leonhartX
irosenb
nameryan
Julyyq
xiangming
whukun
idoo
tybenz
benubois
Subh0m0y
thorsten-koerner
andrewiiird
rafgeekee
nrozic
dingyaguang117
BizzarrePro
lizzz49
leandro-a-silva
plukevdh
samhunta
woliveiras
fdaciuk
felipesousa
fpereira1
kleberson2santos
vitorabner
dancasttro
caiolopes
gbrlsepulveda
Xhamps
alexmoreno
evansantos
yellinben
ronildo
ninetails
eedamame
thompsonemerson
andrewsfg
felisio
charlescabral
renews
expalmer
brunopulis
tacensi
magnobiet
leyendecker
dorianneto

fernahh
THAYLLER
brunoti
JoseCage
gabsprates
metractive
eliasfaical
octavioamu

dimensionmedia
obetoferreira
wellingtongeek
cassiocardoso
















