ClimenteA
shawon14012
hanekaoru
poorya-abbasi
yyh1102
marianobarbiero
hiepvo
nvargasg
farazfazli
cyber41
dibyadas
gintern
netstao
GhostofGoes
dbrrt
yenereren
kinghadi
nazanin
jkhelifi
pasoev
vahid-amini
ImadSalimi
rohandosi
Houjingchao
yacxn
salamaashoush
kelanik8
knchst
rlvendramini
Dongjinmedia
souravchk
LzyAWP-Fred
daniel-medina
guruahn
AnaBlond
abhishek-ch
logicmoo
misliu
hamzahasbi
ibandominguez
t-recx
takuzoo3868
abhishekluv
naveenshukla
WillemJan
logol
Kamagawa
Angelfirenze01
talbotseb
jcchv
CeceXX
oakland
sdeancos
sunzenshen
S2606
gabrielsimas
mtulio
TheSinding
guilhermedecampo
iraj-jelo
WhiteSymmetry
VARADSP
OMENSAH
ckjbug
Joytracy
VukDukic
traveling-desi
snowluliang
xiaoshuai23
ItzLevvie
shreyawhiz
maryamBarmaky
glynnw
awong1900
SathishGajendran
maxxiaobao
marcbal77
kenjinote
reyhansofian
elianasweet
zhonger
xianhe92
vania-pooh
erlangp
iKaius
aybuke
marcokorb
jcarlosadm
reneweb
jass2125
erkanderon
PoOyaKhandel
leahsherrell
geovane7881
carol-caires
retroburst
mohammadkhalili
zakame
everton08
code-architect
hernandev
stargatex
ryanrahman26
MrKiven
MSC19950601
joaoeffting
tourbillon1994
severussundar
xiaolv899
wanghaibo
fjrd84
deyuhua
akihoq
jefponte
thenewbiemaster
rhythm1995
emadum
goldbepa
csprofile
Jasery
PedramMarandi
caseydev
RoshanADK
jmanuelrosa
glumov
uplusware
ns4lin4s
boofw
trevormozingo
willHol
corderogerardo
leoalvaleo
jameslayhe
func-hs
slurmulon
KeshShan
dandgerson
codeapps
dimitriwalters
weimingtom
jiegzhan
777marc
ibraAbuKaff
kuina
leifoolsen
JingweiWang
MattMcFarland
seanmisra
Dailson
joaocv3
ValentinLevalet
yaa110
wjb801
pilr
AlexR1712
matthewsedam
GGJirka
edmolima
drdpedroso
MohammedRashad
nekofar
leanfj
esselte974
yosvelquintero
JARVIS-AI
highflyer910
staralloff
AchoArnold
camilosampedro
zlwp
arduanov
wjawaid
aligholamee
kisese
ipanardian
uriesuhrGA
Ingketech
saeedbibak
SajadAzami
gocreating
kapit4n
stevelorenz
lykmapipo
perfettiful
hadesyi
rijarobinson
pierreprevoteau
GasTheJuiceXD
libetl
seyfer
dirkliu
derickfelix
AmirAhmedDarrag
pathcl
psamim
oiricaud
karenyov
iagor0ger
vasanth-mahendran
haiyangjiajian
reshadman
felipejsm
cxjlsoul
BuZZ-dEE
mding5692
MichaelMMeskhi
zakarh
tobiasbu
tarun-dugar
dvjunior
luojianet
renanpvaz
dahjson
Taity-mini
SaulDoesCode
anoobbava
mucbuc
silasjoisten
RyosukeCla
mohitrgiit
eqw3rty
salvatoretrimarchi
CharlyJazz
Jarvis1010
a963292460
pldrake26
Mrtriste
Jack-Valentine
StephenLeeUSTC
pfuri
elect86
hiagohubert
heetvachhani
nicksagona
zwxs
tangyuning
steven-ferrer
taotaosheng
ahmadabugosh
Alex-Werner
Stive-AZ
AncientGratin
leeyamkeng
brianmillar
nevan1364257
tatsuyah
orangeC
abdulganierkan
bradpotts
Kirill-Babkin
victorquan
fgliu
lc5910
JonatanSalas
limatheus
rich-97
deborahelizabethpadilla
hangyangws
mikeant42
yhirano55
lishuo9527
lyndontavares
dtflaneur
doguteknoloji
McB0y
u4bi
JAremko
fhalde
IanBoyanZhang
ipapu
nickwong680
aeke
rmbernardi
yfgeek
btiwaree
carlosjaime
dineshsonachalam
mohamedgalalanwer
eyurivilc
ochanje210
ternsip
blackhamm3rjack
clarammdantas
dseevr
abunuwas
AlaBenTrad
scalad
TinyMark
Jordan-Camilletti
JoaoAntonioMaruti
davidcanino
ain-
cccyb
switchhax
renatobenks
lucassantosf
RogerFederer03
kusha-b-k
mkhm
whdcumt
mahmoudparsian
pjbrof
obernardovieira
zokeber
felladrin
zzr7
didilinkin
Reyko
sblaplace
valera-rozuvan
klugjo
hwclass
hacicavcav
Petya-Naumova
agabardo
pylover
kelonye
MichalPaszkiewicz
rod-lin
Vermisse
cganey
JoaquimCMH
kc910521
leonardorifeli
konachan700
goh-chunlin
Tsroad
shivamshekhar
jeromeludmann
AladinZaier
habedi
AzarManuel
omarsar
shuaibird
jpruiz114
gugakatsi
mimr9
rafaelcarvalhocaetano
ambodi
faisalarkan21
metadings
pretodor
ngohungphuc
amaurycatelan
catalinc
lucasbento
AlexPnt
Saka7
prateekiiest
mishin
ejelome
ghaseminya
lifei99
duboviy
aidint
mohsenhk
brunocvcunha
arashbehmand
gauravssnl
alternatiph
nimamox
mdeldar
VagrantStory
hejazizo
mahi97
radinhamidi
hamidrezakks
parvizk1
alireza-saberi
ssheikholeslami