spneshaei
krahnemoon
pedramamini
tangqingxin
HenriqueCarva
changyuheng
OdaDaisuke
blackecho
jmettraux
lucaskolstad
ZeeLivermorium
maotora
p4ch0u
byronmejia
bdfish
Chatatata
LuRsT
samcoy3
asszem
piiih
leetking
iomonad
jackgu1988
boehm-s
mgochoa
Yvem
IlanStefanon
BaconRemovalUnit
xjw0914
yshalenyk
easyguyme
Lauszus
jlrickert
willbiddy
Jacktony
LiDaoChong
riyasmohamedmr
happyqq
skandix
yuripramos
nelenkov
opt9
lainkits
elyzov
aandryashin
Doezer
yassersouri
bagherbal
smmoosavi
HAM1DR37A
mikeschinkel
rafajaques
Jerrybecnel
sidineifedrizz
kiwixcompo
rousse101
nealrs
arunsingh
WonderingDane
ahmetozantekin
NicolasCARPi
samuel1254
jarrydfillmore
alihalabyah
jmcabandara
joelparkerhenderson
aykutture
zombieleet
annuai
Kaizerus
mambax7
jakembrown
igorgue
beali
universsky
talipkorkmaz
blasphemium
riazzz
lucrussell
umesh9794
mechatroNick
mhtb32
apobbati
abelmartin
davezen1
BrandonCampbell
johnkeith
giovannif23
vjwilson
UberNick
nilz3ro
bellizio
FrankSansC
djKianoosh
ianlogan
spikebrehm
sco
strcrzy
vilcsak
sebastianseilund
ziliangpeng
mikermcneil
behdad
kevinsystrom
Parsoa
bamos
denizozger
npurushe
inconvergent
keithwhor
willbach
ganorberg
sooeung2
csotiriou
etcinitd
dustinvtran
shjalayeri
alileza
videlalvaro
yoosofan
doorbash
eriknstr
mahdavipanah
nasim92
mhrimaz
MJafarMashhadi
emomeni
jessentow
chinghanho
bendavies
nmousa
samfree324
ckennington
ionmadrazo
MananVyas24
awidiyadew
sunny-g
duhaime
mafeng-Bryant
sadok-f
chengangXia
josephbritt
niwinz
UsulPro
sanjay7788
favourjohnson37
sibelius
YannickDot
leowebguy
idkjs
jahyun-dev
bradjonesca
diabolus
lsecrease
leothelocust
igorls
MrClan
ElizabethC1688
F1reseed
shnupta
gaetan-petit
stuf
yupferris
chouti
kristianhasselknippe
Bartekus
ErkanSensei
ceciliamvrie
techmexdev
esalaza
damadormoreno
rahulpareek-room
theplatypus
madhifallah
ahamdi
mahtabfarrokh
jivoi
arijitAD
KrE80r
kikassCode
gabriel-laet
cipix2000
ralston
soh335
hcpl
sirikid
kiljacken
keidax
ShadowKyogre
civalin
nanki
Hummer12007
Showfom
whour
Sasasu
tarvos21
wozzup
hmachine1999
jm33-m0
laincat
oXnMe
zgc999
angelfreedomv
chenxuhua
seyrenhe
zionfuo
YeXiaoRain
libbliy
mgna17
shanzi
n0th1n9
sjqlwy
abcdabcd987
pixode
silverdragon727
peacewalker
roy2220
blambin
Jerry981028
lbp0200
caocao485
simonsmh
figo2002
DavidAlphaFox
jjose3
sridhargunnam
jlhs
swetland
izmntuk
riaqn
Johndt6
silverfoxy
Kan1shka9
peterbrinck
fdaciuk
felipesousa
fpereira1
kleberson2santos
vitorabner
dancasttro
caiolopes
gbrlsepulveda
Xhamps
alexmoreno
evansantos
yellinben
ronildo
ninetails
eedamame
thompsonemerson
andrewsfg
felisio
charlescabral
renews
expalmer
brunopulis
tacensi
magnobiet
leyendecker
dorianneto
fernahh
THAYLLER
brunoti
JoseCage
gabsprates
metractive
eliasfaical
octavioamu
rafa-acioly
dimensionmedia
obetoferreira
wellingtongeek
cassiocardoso
dleitee
revagomes
MarcusGabriel
cfviotti
ergenekonyigit
meche
Kirmayrtomaz
kaylacohn
Warprobot
valychbreak
ericbv
Trojaner25
Barteks2x
WhiteaglePT
jojllman
kavinsky
oslarathos
kestereverts
blha303
lukaasm
ProxyChain
rhaamo
FrankZZ
SZ1
dlom
pds2k12
ENK0DED
Westie
Southclaws
dfanara
tadev
CamBanfield
mk124
viruxe
luruke
marcoacierno
Pyrax
123marvin123
Alf21
C0x
yujin1742
kgryte
wanderer
BrunIF
chiebuka39
xecutioner
Fivell
nedden
torvalds
badaix
denfromufa
projetmbc
moorepants
quepas
sjgardiner
jaycech3n
IniZio
MahdiMajidzadeh
meandavejustice
cwz8202
michaelonubogu
MMore
iamale
GeorgiyDemo
canering
ryanswanstrom
jadijadi
amin2ros
saraclay
negar-rostamzadeh
fshamshirdar
licksjp
nuved
omilun
rashamalek
gaurabhi1986
nicelj
jeneser
mtuchi
linjielangdang
LucasFrecia
LarissaAbreu
LemurPwned
zcstation
thereisnosun
AgungPambudi
caporale
rmcintosh
coffee-mug
fututer
YangXuanyue
renzhe0009
h01000110
spavikevik
ATSADET
Ardhie1032
Didweb
OkelyKodely
iChauster
shengwangosu
AhmetEkti
zhuxindaba
zake7749
thusitha92
selimdoyranli
huruji
aemonk
cassianogf
Brianmanden
a-reisberg
Jossc
zjb-bo
juliannyas
khuonglh
740i
pierangelo1982
Bluemit
gndx
ParhamZare
shenglintang
DanielZendejas
michaeltintiuc
voroncv
wsljun
b1narybra1n
elmasrySoftWare
mazleo
chujiazhiren
CharleyXu
cjbeowulf
riturajDas
Yimiprod
amarnavgire
ip404
suesunSS
xdoli2008
classLoder
ajomadlabs
j-karl
dipespandey
kelvearagao
outout14
ilyarudyak
olingern
linevich
BurtHub
kkhan585
Artyom-Ganev
Equinoxlimited
yyrcn
xyzhanjiang
negativo
bravegurkha
qianchangnianhua
adiatma
stancheta
psyglyphik
beeman
andyfen
akshay575
edwinvrgs
guilhermepiovesan
alvarengathomas
AxAmat
logatimi
leoallvez
ngetahun
pridemusvaire
gemmadlou
hamzawix
gwokudasam
AmazingJTH
qianzy197126
wangzhijun-github
jwyterlin
sendon
henriquecustodia
davidyaha
EdZava
KornbergFresnel
viviannow
Taym95
jm-maniego
edu-bot
emanuelrosa
dengyi1992
nobus
l3lackcurtains
flexzero
Helo2021
jessuircleydson
devndone
xmarianox
gaguirre
AndiChiou
lukehedger
nikolayvoronchikhin
ggomaeng
Monte9
iamdb
punit-arya
AdiChat
velihamza
diegohaz
oieduardorabelo
danilovaz
0x1ad2
abadiu
amirbagh75
Shruti9520
JohelkySR
Ermim
JefferyHus
adrianlemess
viniciusmurad
guaxinim
SwordSongs
haseebeqx
hippo-jessy
LadlePatel
mmaghajani
xuegangliu
mohammad-fouladgar
incorrectusername
Stereoraj
BelabidIkram
root-sudip
z00nx
ginop86
lorrandavid
tiberiuichim
nevergoneok
oxooff
BlakeGuilloud
holhar
bijiezhu
cyrilferte
duyhenryer
fengminchao
clarkzsd
youkaichao
dennisnderitu254
siddharthjindal1997
pleycpl
zaki1993
zyoctopus
alenzhao
rockchalkwushock
thisisandy
dalmia
mallikarjunayaddala
grhaonan
PaulDebevec
enterstudio
askeroff
eyas-ranjous
rm3l
jdprasad
codepython
rayriju
pollaeng
khajavi
bellaaaX
BlancosWay
bigdatare
patternproject
heihei2015
vhp1360
gmartinezramirez
zkfan
outofmemoryerror
eveleker
sivansey
datianshi21
Au80
rao321
mgirardot
RaniaMkhininiGahar
NamitaNair
luckywind
Reyurnible
ozmursleen
purwadarozatun
stoked-zz
MikhailTatsky
malukenho
mraxilus
ArEnSc
ftore
deepHubGit
fanghuang
chrisdamba
kevintvh
peri4n
kettlewell
hydrosquall
codingkapoor
anonymous31173
yonglehou
LiuTaw
tanzhuqing
inbravo
davidmann4
Cr4xy
gmkhussain
antontuzov
LiGuiRong
RyanThomasMusser
djstein
RowlandOti
Pierry
expectopatronum
ksindi
hellgrenj
erickpatrick
marcelaraujo
marcelod
marcelogarbin
ciervogris
UltraWalker
technologiclee
ssbarnea
blt
stone-jin
victorvoid
vivekiitkgp
fntlnz
pisual
M0unir
jgrh
interstar
javimosch
xwb1989
sepehrhashtroudi
alimoeeny
fishnix
badu
mitghi
soheilhy
HosseinKarami
habibpour
peymanslh
tuytoosh
mousavi86
azerafati
Mazafard
hasangilak
heinzin
yohanesyuen
nicluo
ameieshaw
sarvad
jamesadney
carver
0xAhmed
stefanocudini
mohammadreza2012
dc0d
se
babakhani
DonnchaC
RedXBeard
YukSeungChan
Luavis
jideobs
tgarriz
lky1001
rememberlenny
MariaNattestad
hernamesbarbara
zee-moz
m98
mehranhatami
imahmoodz
dotamir
siadat
cubny
MRebati
VincentAndy
64octets
rjgeek
sogen
manish211
georgy7
n8e
JustinMutsito
zhiaixuexi
letanure
samuelyeshua
lenonr
bertelledani
Archakov06
varNinja
filipeoliveira
luizfnunesmarques
AkarshSatija
sheraz2016
iSanechek
himanoa
sanbir
sam0hack
Mosoc
houssemzaier
schulzchristian
mssalvo
HosseinAbedi
leo19920823
roxma
smzakirhossain
alexanderHT
omidp
meysampg
MeysamSalehi
AeronStory
hasanmumin
karande
asaccom
ranjanpandey11111
KateMayorenko
sjnorth
ikawaha
arthurcamara1
Dorin651
nberat5
ilix
monmon-2007
amirpasha82
emilisto
analyticalpicasso
zezewoo
cynical89
yangyangnote
calent
bboydflo
brandly
fabricelepro
diegocarreira
mikeia
Jayaramki
liyistc
napalmpiri
ultrasilicon
liusy182
kienct89
shilch
rizamarhaban
Misterhex
pep8speaks
jamhed
chenyoufu
sasha240100
rodzyn
mdibaiee
theuves
Kelichao
cusspvz
RickOne16
Alireza-cman
ysshao
telecomp
sazary
casro
ariya
bsamadi
saloot
sndevil
amirnapster
azabet
danyaljj
Amiiir
