shawon14012
spneshaei
poorya-abbasi
krahnemoon
pedramamini
lifei99
rod-lin
MichalPaszkiewicz
pylover
agabardo
zokeber
obernardovieira
mahmoudparsian
kusha-b-k
lucassantosf
RogerFederer03
cccyb
ain-
JoaoAntonioMaruti
davidcanino
Jordan-Camilletti
TinyMark
abunuwas
ternsip
blackhamm3rjack
btiwaree
nickwong680
IanBoyanZhang
u4bi
McB0y
doguteknoloji
dtflaneur
lyndontavares
yhirano55
hangyangws
deborahelizabethpadilla
JonatanSalas
lc5910
fgliu
Kirill-Babkin
leeyamkeng
ahmadabugosh
tangyuning
steven-ferrer
taotaosheng
nicksagona
zwxs
pldrake26
Mrtriste
CharlyJazz
a963292460
eqw3rty
mohitrgiit
silasjoisten
SaulDoesCode
Taity-mini
renanpvaz
luojianet
dvjunior
tarun-dugar
mding5692
cxjlsoul
felipejsm
oiricaud
psamim
yyh1102
dirkliu
seyfer
GasTheJuiceXD
libetl
rijarobinson
stevelorenz
kapit4n
gocreating
saeedbibak
ipanardian
kisese
wjawaid
zlwp
staralloff
highflyer910
leanfj
nekofar
MohammedRashad
pilr
wjb801
ValentinLevalet
Dailson
seanmisra
codeapps
dimitriwalters
dandgerson
leoalvaleo
jameslayhe
willHol
corderogerardo
boofw
uplusware
jmanuelrosa
caseydev
PedramMarandi
Jasery
rhythm1995
jefponte
akihoq
tangqingxin
deyuhua
wanghaibo
tourbillon1994
joaoeffting
ryanrahman26
stargatex
everton08
zakame
mohammadkhalili
retroburst
geovane7881
reneweb
marcokorb
aybuke
erlangp
xianhe92
zhonger
kenjinote
maxxiaobao
SathishGajendran
xiaoshuai23
snowluliang
OMENSAH
gabrielsimas
oakland
Angelfirenze01
Kamagawa
HenriqueCarva
t-recx
misliu
daniel-medina
souravchk
rlvendramini
salamaashoush
yacxn
Houjingchao
rohandosi
ImadSalimi
vahid-amini
pasoev
nazanin
jkhelifi
GhostofGoes
netstao
gintern
changyuheng
OdaDaisuke
blackecho
jmettraux
lucaskolstad
ZeeLivermorium
maotora
p4ch0u
byronmejia
bdfish
Chatatata
LuRsT
samcoy3
asszem
piiih
leetking
takuzoo3868
iomonad
jackgu1988
boehm-s
S2606
mgochoa
Yvem
IlanStefanon
BaconRemovalUnit
xjw0914
yshalenyk
easyguyme
traveling-desi
Lauszus
shreyawhiz
jlrickert
willbiddy
Jacktony
LiDaoChong
riyasmohamedmr
happyqq
skandix
elianasweet
yuripramos
nelenkov
opt9
maryamBarmaky
lainkits
elyzov
aandryashin
Doezer
yassersouri
bagherbal
smmoosavi
HAM1DR37A
mikeschinkel
rafajaques
Jerrybecnel
talbotseb
sidineifedrizz
kiwixcompo
rousse101
nealrs
arunsingh
WonderingDane
ahmetozantekin
TheSinding
NicolasCARPi
samuel1254
jarrydfillmore
yenereren
alihalabyah
jmcabandara
joelparkerhenderson
aykutture
zombieleet
hernandev
annuai
Kaizerus
mambax7
jakembrown
igorgue
beali
universsky
talipkorkmaz
abhishek-ch
blasphemium
riazzz
lucrussell
umesh9794
mechatroNick
Dongjinmedia
mhtb32
PoOyaKhandel
apobbati
abelmartin
davezen1
BrandonCampbell
johnkeith
giovannif23
vjwilson
UberNick
nilz3ro
bellizio
FrankSansC
djKianoosh
ianlogan
spikebrehm
sco
strcrzy
vilcsak
sebastianseilund
ziliangpeng
mikermcneil
behdad
kevinsystrom
Parsoa
bamos
denizozger
npurushe
inconvergent
keithwhor
willbach
ganorberg
sooeung2
csotiriou
etcinitd
dustinvtran
shjalayeri
alileza
videlalvaro
yoosofan
doorbash
eriknstr
mahdavipanah
nasim92
mhrimaz
MJafarMashhadi
emomeni
jessentow
chinghanho
bendavies
nmousa
samfree324
ckennington
ionmadrazo
MananVyas24
awidiyadew
sunny-g
kuina
leifoolsen
weimingtom
MSC19950601
duhaime
mafeng-Bryant
func-hs
jiegzhan
iKaius
sadok-f
chengangXia
josephbritt
kelanik8
niwinz
MattMcFarland
UsulPro
sanjay7788
favourjohnson37
sibelius
YannickDot
leowebguy
idkjs
jahyun-dev
bradjonesca
diabolus
lsecrease
leothelocust
igorls
MrClan
ElizabethC1688
F1reseed
shnupta
gaetan-petit
stuf
yupferris
chouti
kristianhasselknippe
Bartekus
ErkanSensei
ceciliamvrie
techmexdev
esalaza
damadormoreno
AlexR1712
rahulpareek-room
theplatypus
dbrrt
GGJirka
jcchv
madhifallah
ahamdi
mahtabfarrokh
jivoi
arijitAD
KrE80r
kikassCode
gabriel-laet
cipix2000
ralston
soh335
hcpl
sirikid
kiljacken
keidax
ShadowKyogre
civalin
nanki
Hummer12007
Showfom
whour
Sasasu
tarvos21
wozzup
hmachine1999
jm33-m0
laincat
oXnMe
zgc999
angelfreedomv
chenxuhua
seyrenhe
zionfuo
YeXiaoRain
libbliy
mgna17
shanzi
n0th1n9
sjqlwy
abcdabcd987
pixode
silverdragon727
peacewalker
roy2220
blambin
Jerry981028
lbp0200
caocao485
simonsmh
figo2002
DavidAlphaFox
jjose3
sridhargunnam
jlhs
swetland
izmntuk
riaqn
Johndt6
silverfoxy
Kan1shka9
peterbrinck
fdaciuk
felipesousa
fpereira1
kleberson2santos
vitorabner
dancasttro
caiolopes
gbrlsepulveda
drdpedroso
Xhamps
alexmoreno
evansantos
yellinben
ronildo
ninetails
eedamame
thompsonemerson
andrewsfg
felisio
charlescabral
renews
expalmer
brunopulis
tacensi
magnobiet
leyendecker
dorianneto
fernahh
edmolima
THAYLLER
brunoti
JoseCage
gabsprates
metractive
eliasfaical
octavioamu
rafa-acioly
dimensionmedia
obetoferreira
wellingtongeek
cassiocardoso
dleitee
revagomes
MarcusGabriel
cfviotti
ergenekonyigit
meche
Kirmayrtomaz
kaylacohn
Warprobot
slurmulon
valychbreak
ericbv
Trojaner25
Barteks2x
WhiteaglePT
jojllman
kavinsky
oslarathos
kestereverts
blha303
lukaasm
ProxyChain
rhaamo
FrankZZ
SZ1
dlom
pds2k12
ENK0DED
Westie
Southclaws
dfanara
tadev
CamBanfield
mk124
viruxe
luruke
marcoacierno
Pyrax
123marvin123
Alf21
C0x
yujin1742
kgryte
wanderer
BrunIF
chiebuka39
JARVIS-AI
yosvelquintero
xecutioner
Fivell
nedden
Ingketech
aligholamee
torvalds
badaix
denfromufa
projetmbc
moorepants
quepas
sjgardiner
jaycech3n
IniZio
MahdiMajidzadeh
meandavejustice
cwz8202
elect86
michaelonubogu
MMore
iamale
rich-97
GeorgiyDemo
canering
ryanswanstrom
jadijadi
amin2ros
saraclay
negar-rostamzadeh
fshamshirdar
licksjp
nuved
omilun
rashamalek
iraj-jelo
anoobbava
gaurabhi1986
nicelj
jeneser
haiyangjiajian
mtuchi
linjielangdang
abdulganierkan
LucasFrecia
LarissaAbreu
LemurPwned
zcstation
thereisnosun
AgungPambudi
caporale
rmcintosh
coffee-mug
fututer
knchst
YangXuanyue
renzhe0009
h01000110
spavikevik
ATSADET
Ardhie1032
JAremko
Didweb
OkelyKodely
mikeant42
iChauster
shengwangosu
AhmetEkti
zhuxindaba
glynnw
zake7749
thusitha92
selimdoyranli
huruji
aeke
aemonk
cassianogf
Stive-AZ
Brianmanden
a-reisberg
fhalde
Jossc
zjb-bo
juliannyas
khuonglh
740i
hiagohubert
pierangelo1982
iagor0ger
Bluemit
gndx
ParhamZare
shenglintang
DanielZendejas
michaeltintiuc
ckjbug
voroncv
wsljun
b1narybra1n
hiepvo
elmasrySoftWare
mazleo
chujiazhiren
CharleyXu
Joytracy
cjbeowulf
pierreprevoteau
riturajDas
Yimiprod
amarnavgire
ip404
emadum
suesunSS
xdoli2008
classLoder
hanekaoru
ajomadlabs
j-karl
dipespandey
kelvearagao
outout14
fjrd84
guilhermedecampo
ilyarudyak
olingern
linevich
BurtHub
kkhan585
erkanderon
Artyom-Ganev
VARADSP
Equinoxlimited
victorquan
jcarlosadm
yyrcn
carol-caires
trevormozingo
AncientGratin
xyzhanjiang
negativo
bravegurkha
qianchangnianhua
adiatma
stancheta
pathcl
psyglyphik
beeman
andyfen
akshay575
edwinvrgs
guilhermepiovesan
derickfelix
alvarengathomas
AxAmat
logatimi
brianmillar
leoallvez
ngetahun
pridemusvaire
Jarvis1010
gemmadlou
awong1900
hamzawix
gwokudasam
AmazingJTH
qianzy197126
wangzhijun-github
jwyterlin
sendon
henriquecustodia
LzyAWP-Fred
davidyaha
EdZava
ibandominguez
pfuri
hadesyi
KornbergFresnel
viviannow
Taym95
jm-maniego
AchoArnold
xiaolv899
jass2125
limatheus
edu-bot
emanuelrosa
dengyi1992
nobus
l3lackcurtains
flexzero
Helo2021
jessuircleydson
tobiasbu
logol
devndone
xmarianox
gaguirre
AndiChiou
AnaBlond
lykmapipo
nevan1364257
lukehedger
camilosampedro
nikolayvoronchikhin
ggomaeng
abhishekluv
Monte9
iamdb
WillemJan
punit-arya
AdiChat
velihamza
dineshsonachalam
diegohaz
oieduardorabelo
danilovaz
0x1ad2
abadiu
thenewbiemaster
scalad
ochanje210
amirbagh75
Shruti9520
JohelkySR
uriesuhrGA
777marc
AlaBenTrad
Ermim
JefferyHus
eyurivilc
adrianlemess
viniciusmurad
lishuo9527
guaxinim
SwordSongs
dahjson
haseebeqx
StephenLeeUSTC
hippo-jessy
LadlePatel
mmaghajani
karenyov
guruahn
xuegangliu
mohammad-fouladgar
Jack-Valentine
incorrectusername
Stereoraj
BelabidIkram
root-sudip
z00nx
clarammdantas
mtulio
ginop86
JingweiWang
lorrandavid
carlosjaime
zakarh
tiberiuichim
nevergoneok
naveenshukla
oxooff
BlakeGuilloud
holhar
bijiezhu
goldbepa
cyrilferte
ClimenteA
RyosukeCla
duyhenryer
fengminchao
clarkzsd
youkaichao
dennisnderitu254
joaocv3
siddharthjindal1997
tatsuyah
pleycpl
zaki1993
esselte974
zyoctopus
alenzhao
rockchalkwushock
thisisandy
AmirAhmedDarrag
dalmia
heetvachhani
mallikarjunayaddala
dseevr
grhaonan
salvatoretrimarchi
PaulDebevec
leahsherrell
enterstudio
askeroff
eyas-ranjous
rm3l
jdprasad
codepython
rayriju
pollaeng
khajavi
bellaaaX
BlancosWay
bigdatare
patternproject
heihei2015
vhp1360
gmartinezramirez
zkfan
outofmemoryerror
eveleker
sivansey
datianshi21
Au80
rao321
mgirardot
RaniaMkhininiGahar
NamitaNair
luckywind
Reyurnible
ozmursleen
purwadarozatun
stoked-zz
MikhailTatsky
malukenho
mraxilus
ArEnSc
ftore
deepHubGit
fanghuang
chrisdamba
kevintvh
peri4n
kettlewell
hydrosquall
codingkapoor
anonymous31173
yonglehou
LiuTaw
tanzhuqing
inbravo
ibraAbuKaff
davidmann4
Cr4xy
gmkhussain
antontuzov
LiGuiRong
RyanThomasMusser
djstein
arduanov
RowlandOti
Pierry
expectopatronum
ksindi
hellgrenj
erickpatrick
marcelaraujo
marcelod
marcelogarbin
ciervogris
UltraWalker
technologiclee
ssbarnea
blt
stone-jin
victorvoid
vivekiitkgp
fntlnz
perfettiful
CeceXX
pisual
M0unir
jgrh
interstar
javimosch
xwb1989
sepehrhashtroudi
alimoeeny
fishnix
badu
mitghi
soheilhy
HosseinKarami
habibpour
peymanslh
tuytoosh
mousavi86
azerafati
Mazafard
hasangilak
heinzin
yohanesyuen
nicluo
ameieshaw
sarvad
jamesadney
carver
0xAhmed
stefanocudini
mohammadreza2012
dc0d
se
babakhani
DonnchaC
RedXBeard
YukSeungChan
sdeancos
BuZZ-dEE
mkhm
farazfazli
Luavis
logicmoo
jideobs
tgarriz
lky1001
switchhax
rememberlenny
code-architect
vasanth-mahendran
reyhansofian
renatobenks
MariaNattestad
hernamesbarbara
zee-moz
m98
reshadman
mehranhatami
imahmoodz
dotamir
siadat
cubny
MRebati
VincentAndy
Vermisse
64octets
didilinkin
rjgeek
sogen
ns4lin4s
manish211
konachan700
georgy7
VukDukic
zzr7
n8e
severussundar
hamzahasbi
JustinMutsito
WhiteSymmetry
zhiaixuexi
letanure
felladrin
samuelyeshua
leonardorifeli
lenonr
bertelledani
Archakov06
varNinja
filipeoliveira
luizfnunesmarques
AkarshSatija
sheraz2016
sunzenshen
marcbal77
iSanechek
mohamedgalalanwer
himanoa
hacicavcav
sanbir
sam0hack
Mosoc
cyber41
JoaquimCMH
Reyko
bradpotts
houssemzaier
jeromeludmann
schulzchristian
mssalvo
kinghadi
HosseinAbedi
leo19920823
roxma
smzakirhossain
alexanderHT
omidp
meysampg
habedi
SajadAzami
MeysamSalehi
AeronStory
omarsar
kc910521
hasanmumin
karande
asaccom
mimr9
AzarManuel
rmbernardi
ranjanpandey11111
KateMayorenko
sblaplace
rafaelcarvalhocaetano
mucbuc
sjnorth
whdcumt
ikawaha
kelonye
klugjo
shuaibird
arthurcamara1
Dorin651
nberat5
ilix
monmon-2007
amirpasha82
emilisto
analyticalpicasso
zezewoo
cynical89
jpruiz114
Tsroad
yangyangnote
calent
gugakatsi
Petya-Naumova
cganey
valera-rozuvan
ambodi
csprofile
bboydflo
brandly
fabricelepro
diegocarreira
mikeia
Jayaramki
liyistc
napalmpiri
ultrasilicon
liusy182
kienct89
shilch
rizamarhaban
Misterhex
pep8speaks
jamhed
chenyoufu
vania-pooh
glumov
AladinZaier
sasha240100
rodzyn
mdibaiee
yaa110
yfgeek
shivamshekhar
pjbrof
theuves
RoshanADK
Kelichao
Alex-Werner
ItzLevvie
amaurycatelan
faisalarkan21
KeshShan
ngohungphuc
AlexPnt
hwclass
goh-chunlin
pretodor
lucasbento
cusspvz
Saka7
metadings
catalinc
ejelome
MrKiven
mishin
ghaseminya
prateekiiest
duboviy
orangeC
RickOne16
aidint
mohsenhk
Alireza-cman
ysshao
brunocvcunha
telecomp
sazary
casro
arashbehmand
mdeldar
VagrantStory
alternatiph
ariya
bsamadi
hejazizo
nimamox
saloot
mahi97
radinhamidi
sndevil
amirnapster
azabet
danyaljj
hamidrezakks
Amiiir
parvizk1
alireza-saberi
ssheikholeslami