n8e
michaeltintiuc
caocao485
marcelod
Kirmayrtomaz
omilun
ionmadrazo
kevintvh
lukaasm
cynical89
kienct89
keidax
boehm-s
shanzi
jarrydfillmore
RowlandOti
yangyangnote
sendon
heihei2015
pds2k12
dimensionmedia
vilcsak
Hummer12007
fututer
RaniaMkhininiGahar
josephbritt
zake7749
nikolayvoronchikhin
Jerry981028
wanderer
mallikarjunayaddala
chrisdamba
tgarriz
LiDaoChong
dustinvtran
Stereoraj
andrewsfg
MRebati
xwb1989
licksjp
ENK0DED
ysshao
eedamame
luizfnunesmarques
JohelkySR
eyas-ranjous
RyanThomasMusser
mohammadreza2012
sco
RedXBeard
WonderingDane
yshalenyk
mmaghajani
ameieshaw
hellgrenj
flexzero
sidineifedrizz
peacewalker
coffee-mug
roxma
rafajaques
FrankZZ
mikeia
IlanStefanon
niwinz
BrunIF
lainkits
ahamdi
javimosch
amirnapster
technologiclee
gmartinezramirez
MeysamSalehi
diegohaz
dancasttro
punit-arya
blackecho
Lauszus
gaguirre
maotora
akshay575
JustinMutsito
mikermcneil
mdibaiee
C0x
amirbagh75
ilyarudyak
codingkapoor
riaqn
huruji
yupferris
ArEnSc
telecomp
LuRsT
civalin
denfromufa
UberNick
negativo
Cr4xy
nealrs
alihalabyah
thereisnosun
amirpasha82
joelparkerhenderson
spavikevik
leoallvez
abcdabcd987
yassersouri
lky1001
gemmadlou
jwyterlin
cubny
nasim92
psyglyphik
felisio
cusspvz
bertelledani
negar-rostamzadeh
stone-jin
sasha240100
YeXiaoRain
azabet
sjgardiner
liusy182
JoseCage
khuonglh
thisisandy
clarkzsd
rjgeek
sebastianseilund
eriknstr
yellinben
badaix
mgochoa
casro
Parsoa
mousavi86
rahulpareek-room
olingern
duhaime
liyistc
jeneser
nedden
djstein
Johndt6
cwz8202
yonglehou
mtuchi
siddharthjindal1997
voroncv
kiwixcompo
carver
expectopatronum
umesh9794
Fivell
peri4n
metractive
wsljun
mafeng-Bryant
renzhe0009
SwordSongs
pridemusvaire
Alf21
chujiazhiren
samuel1254
charlescabral
IniZio
Misterhex
ariya
AndiChiou
Doezer
aykutture
jm33-m0
caporale
ranjanpandey11111
sridhargunnam
yuripramos
Kaizerus
aemonk
jaycech3n
outout14
deepHubGit
zezewoo
mitghi
JefferyHus
zcstation
mikeschinkel
LucasFrecia
johnkeith
hernamesbarbara
zaki1993
peymanslh
nobus
chenxuhua
rodzyn
leetking
fabricelepro
ksindi
alenzhao
kavinsky
videlalvaro
BaconRemovalUnit
interstar
KateMayorenko
shenglintang
cyrilferte
AhmetEkti
spikebrehm
seyrenhe
simonsmh
sheraz2016
jmcabandara
Brianmanden
torvalds
opt9
ssbarnea
123marvin123
gabriel-laet
Didweb
dorianneto
qianzy197126
pisual
F1reseed
blasphemium
inbravo
Yimiprod
fpereira1
duyhenryer
saraclay
luruke
alileza
tiberiuichim
ngetahun
sarvad
monmon-2007
meandavejustice
nberat5
MrClan
alexmoreno
Showfom
wozzup
gmkhussain
quepas
YannickDot
eveleker
juliannyas
silverfoxy
pierangelo1982
0x1ad2
64octets
roy2220
lenonr
jackgu1988
angelfreedomv
zhuxindaba
leo19920823
chenyoufu
viviannow
xmarianox
sazary
Amiiir
chengangXia
haseebeqx
sivansey
ShadowKyogre
UsulPro
skandix
omidp
danyaljj
kevinsystrom
lorrandavid
davidyaha
mechatroNick
theplatypus
renews
canering
siadat
RickOne16
sam0hack
MarcusGabriel
vhp1360
zgc999
l3lackcurtains
erickpatrick
ninetails
bellaaaX
LiGuiRong
Equinoxlimited
annuai
peterbrinck
askeroff
jmettraux
blambin
hmachine1999
sooeung2
azerafati
yohanesyuen
FrankSansC
yoosofan
napalmpiri
dlom
apobbati
patternproject
kkhan585
samfree324
Reyurnible
davidmann4
linevich
HosseinKarami
ilix
karande
bsamadi
Xhamps
nmousa
stuf
j-karl
michaelonubogu
incorrectusername
pep8speaks
Kelichao
ceciliamvrie
anonymous31173
BurtHub
Helo2021
blt
badu
MananVyas24
kiljacken
Barteks2x
gwokudasam
jakembrown
saloot
jdprasad
riturajDas
Jossc
AeronStory
HosseinAbedi
rm3l
Dorin651
gaurabhi1986
ip404
ganorberg
beeman
samcoy3
djKianoosh
csotiriou
sibelius
fengminchao
dleitee
laincat
Bartekus
andyfen
kleberson2santos
diegocarreira
dfanara
beali
Artyom-Ganev
dotamir
idkjs
tarvos21
lbp0200
hippo-jessy
ElizabethC1688
shnupta
velihamza
pleycpl
BelabidIkram
sndevil
rayriju
davezen1
ronildo
yujin1742
z00nx
hasangilak
sjnorth
KrE80r
shilch
MJafarMashhadi
dengyi1992
pollaeng
edu-bot
npurushe
georgy7
Ermim
LarissaAbreu
tanzhuqing
manish211
oXnMe
bravegurkha
kettlewell
jjose3
mahdavipanah
jahyun-dev
ianlogan
Au80
luckywind
adrianlemess
pixode
igorgue
inconvergent
doorbash
abelmartin
vivekiitkgp
jessentow
PaulDebevec
marcelaraujo
bellizio
kelvearagao
ParhamZare
mazleo
Monte9
behdad
kikassCode
ftore
hcpl
babakhani
viniciusmurad
leowebguy
cassianogf
asszem
easyguyme
codepython
Luavis
bigdatare
xjw0914
Ardhie1032
ziliangpeng
sogen
Chatatata
cjbeowulf
dalmia
HAM1DR37A
shjalayeri
bdfish
Westie
danilovaz
igorls
ultrasilicon
valychbreak
nicluo
thusitha92
AdiChat
amarnavgire
arunsingh
kristianhasselknippe
rockchalkwushock
emanuelrosa
rafa-acioly
se
fernahh
gbrlsepulveda
ralston
techmexdev
Jerrybecnel
etcinitd
hydrosquall
schulzchristian
brandly
THAYLLER
mgirardot
analyticalpicasso
lsecrease
varNinja
hamzawix
NamitaNair
mssalvo
nevergoneok
tangqingxin
samuelyeshua
jadijadi
tacensi
silverdragon727
grhaonan
rememberlenny
smmoosavi
felipesousa
BrandonCampbell
leothelocust
bagherbal
Jayaramki
rashamalek
MikhailTatsky
AkarshSatija
riazzz
MariaNattestad
iChauster
ErkanSensei
bamos
strcrzy
enterstudio
xuegangliu
stoked-zz
spneshaei
tadev
marcoacierno
giovannif23
jivoi
MMore
Mosoc
outofmemoryerror
meysampg
zjb-bo
youkaichao
gndx
MahdiMajidzadeh
tuytoosh
DonnchaC
thompsonemerson
ajomadlabs
sanbir
nanki
sjqlwy
nelenkov
eliasfaical
caiolopes
projetmbc
Mazafard
ginop86
brunoti
CharleyXu
sadok-f
logatimi
xecutioner
krahnemoon
leyendecker
jessuircleydson
emilisto
mhtb32
edwinvrgs
fdaciuk
vjwilson
lukehedger
zionfuo
revagomes
mk124
arthurcamara1
classLoder
rao321
favourjohnson37
esalaza
suesunSS
Yvem
ciervogris
moorepants
mahtabfarrokh
sanjay7788
cipix2000
nilz3ro
LiuTaw
ikawaha
yyrcn
denizozger
datianshi21
740i
Mr-indescribable
devndone
UltraWalker
ergenekonyigit
fshamshirdar
zombieleet
oieduardorabelo
arijitAD
aandryashin
kgryte
chouti
changyuheng
bijiezhu
libbliy
Taym95
YukSeungChan
oslarathos
antontuzov
EdZava
mhrimaz
fishnix
soh335
madhifallah
Bluemit
bboydflo
guilhermepiovesan
evansantos
willbiddy
dc0d
khajavi
purwadarozatun
meche
izmntuk
KornbergFresnel
Shruti9520
ATSADET
smzakirhossain
obetoferreira
soheilhy
wellingtongeek
Jacktony
n0th1n9
AxAmat
jgrh
elyzov
Kan1shka9
brunopulis
mraxilus
xyzhanjiang
imahmoodz
sepehrhashtroudi
Archakov06
sunny-g
NicolasCARPi
whour
kaylacohn
dipespandey
Pierry
DavidAlphaFox
alimoeeny
himanoa
abadiu
zee-moz
happyqq
rmcintosh
zhiaixuexi
BlakeGuilloud
vitorabner
ZeeLivermorium
wangzhijun-github
expalmer
chinghanho
cassiocardoso
jlhs
filipeoliveira
shengwangosu
byronmejia
iamale
diabolus
chiebuka39
talipkorkmaz
ggomaeng
iamdb
LadlePatel
OkelyKodely
HenriqueCarva
rizamarhaban
holhar
habibpour
jojllman
awidiyadew
adiatma
heinzin
Warprobot
BlancosWay
ryanswanstrom
oxooff
houssemzaier
elmasrySoftWare
mohammad-fouladgar
xdoli2008
theuves
lucrussell
nuved
alvarengathomas
OdaDaisuke
AgungPambudi
YangXuanyue
sirikid
ericbv
CamBanfield
root-sudip
alexanderHT
jamhed
SZ1
jideobs
ahmetozantekin
jamesadney
h01000110
fntlnz
rhaamo
swetland
M0unir
hasanmumin
magnobiet
WhiteaglePT
guaxinim
amin2ros
b1narybra1n
linjielangdang
AmazingJTH
dennisnderitu254
victorvoid
lucaskolstad
viruxe
zyoctopus
qianchangnianhua
gaetan-petit
jm-maniego
bradjonesca
jlrickert
emomeni
willbach
figo2002
rousse101
LemurPwned
kestereverts
fanghuang
letanure
iSanechek
piiih
DanielZendejas
m98
ProxyChain
riyasmohamedmr
calent
gabsprates
Southclaws
mambax7
ozmursleen
VincentAndy
bendavies
GeorgiyDemo
stancheta
iomonad
blha303
malukenho
keithwhor
Pyrax
henriquecustodia
zkfan
asaccom
cfviotti
p4ch0u
stefanocudini
Trojaner25
ckennington
pedramamini
marcelogarbin
Alireza-cman
mehranhatami
octavioamu
0xAhmed
Sasasu
universsky
selimdoyranli
nicelj
a-reisberg